  main.cpp
C:\Program Files (x86)\Windows Kits\10\Include\10.0.16299.0\shared\minwindef.h(130,1): warning C4005: 'APIENTRY': macro redefinition
C:\Users\Tan Yik Fung\Downloads\glfw-3.3.2.bin.WIN32\glfw-3.3.2.bin.WIN32\include\GLFW\glfw3.h(123): message : see previous definition of 'APIENTRY'
C:\Users\Tan Yik Fung\source\repos\HelloOpenGL\HelloOpenGL\vector.h(141,14): warning C4244: 'return': conversion from 'double' to 'float', possible loss of data
C:\Users\Tan Yik Fung\source\repos\HelloOpenGL\HelloOpenGL\matrix.h(189,11): warning C4244: 'initializing': conversion from 'double' to 'float', possible loss of data
C:\Users\Tan Yik Fung\source\repos\HelloOpenGL\HelloOpenGL\matrix.h(190,11): warning C4244: 'initializing': conversion from 'double' to 'float', possible loss of data
C:\Users\Tan Yik Fung\source\repos\HelloOpenGL\HelloOpenGL\triangle_demo.h(139,13): warning C4244: 'argument': conversion from 'time_t' to 'unsigned int', possible loss of data
C:\Users\Tan Yik Fung\source\repos\HelloOpenGL\HelloOpenGL\triangle_demo.h(154,91): warning C4474: 'printf' : too many arguments passed for format string
C:\Users\Tan Yik Fung\source\repos\HelloOpenGL\HelloOpenGL\triangle_demo.h(154,91): message : placeholders and their parameters expect 0 variadic arguments, but 2 were provided
C:\Users\Tan Yik Fung\source\repos\HelloOpenGL\HelloOpenGL\triangle_demo.h(538,16): warning C4244: 'initializing': conversion from 'float' to 'int', possible loss of data
C:\Users\Tan Yik Fung\source\repos\HelloOpenGL\HelloOpenGL\triangle_demo.h(832,1): warning C4305: '+=': truncation from 'double' to 'float'
C:\Users\Tan Yik Fung\source\repos\HelloOpenGL\HelloOpenGL\triangle_demo.h(874,1): warning C4305: 'argument': truncation from 'double' to 'float'
C:\Users\Tan Yik Fung\source\repos\HelloOpenGL\HelloOpenGL\triangle_demo.h(890,67): warning C4244: 'argument': conversion from 'double' to 'float', possible loss of data
C:\Users\Tan Yik Fung\source\repos\HelloOpenGL\HelloOpenGL\triangle_demo.h(891,90): warning C4244: 'argument': conversion from 'double' to 'float', possible loss of data
C:\Users\Tan Yik Fung\source\repos\HelloOpenGL\HelloOpenGL\triangle_demo.h(891,73): warning C4244: 'argument': conversion from 'double' to 'float', possible loss of data
C:\Users\Tan Yik Fung\source\repos\HelloOpenGL\HelloOpenGL\triangle_demo.h(891,56): warning C4244: 'argument': conversion from 'double' to 'float', possible loss of data
C:\Users\Tan Yik Fung\source\repos\HelloOpenGL\HelloOpenGL\triangle_demo.h(901,71): warning C4244: 'argument': conversion from 'double' to 'float', possible loss of data
C:\Users\Tan Yik Fung\source\repos\HelloOpenGL\HelloOpenGL\triangle_demo.h(902,95): warning C4244: 'argument': conversion from 'double' to 'float', possible loss of data
C:\Users\Tan Yik Fung\source\repos\HelloOpenGL\HelloOpenGL\triangle_demo.h(902,78): warning C4244: 'argument': conversion from 'double' to 'float', possible loss of data
C:\Users\Tan Yik Fung\source\repos\HelloOpenGL\HelloOpenGL\triangle_demo.h(902,60): warning C4244: 'argument': conversion from 'double' to 'float', possible loss of data
C:\Users\Tan Yik Fung\source\repos\HelloOpenGL\HelloOpenGL\triangle_demo.h(910,71): warning C4244: 'argument': conversion from 'double' to 'float', possible loss of data
C:\Users\Tan Yik Fung\source\repos\HelloOpenGL\HelloOpenGL\triangle_demo.h(911,95): warning C4244: 'argument': conversion from 'double' to 'float', possible loss of data
C:\Users\Tan Yik Fung\source\repos\HelloOpenGL\HelloOpenGL\triangle_demo.h(911,78): warning C4244: 'argument': conversion from 'double' to 'float', possible loss of data
C:\Users\Tan Yik Fung\source\repos\HelloOpenGL\HelloOpenGL\triangle_demo.h(911,60): warning C4244: 'argument': conversion from 'double' to 'float', possible loss of data
C:\Users\Tan Yik Fung\source\repos\HelloOpenGL\HelloOpenGL\triangle_demo.h(919,71): warning C4244: 'argument': conversion from 'double' to 'float', possible loss of data
C:\Users\Tan Yik Fung\source\repos\HelloOpenGL\HelloOpenGL\triangle_demo.h(920,95): warning C4244: 'argument': conversion from 'double' to 'float', possible loss of data
C:\Users\Tan Yik Fung\source\repos\HelloOpenGL\HelloOpenGL\triangle_demo.h(920,78): warning C4244: 'argument': conversion from 'double' to 'float', possible loss of data
C:\Users\Tan Yik Fung\source\repos\HelloOpenGL\HelloOpenGL\triangle_demo.h(920,60): warning C4244: 'argument': conversion from 'double' to 'float', possible loss of data
C:\Users\Tan Yik Fung\source\repos\HelloOpenGL\HelloOpenGL\triangle_demo.h(930,67): warning C4244: 'argument': conversion from 'double' to 'float', possible loss of data
C:\Users\Tan Yik Fung\source\repos\HelloOpenGL\HelloOpenGL\triangle_demo.h(931,90): warning C4244: 'argument': conversion from 'double' to 'float', possible loss of data
C:\Users\Tan Yik Fung\source\repos\HelloOpenGL\HelloOpenGL\triangle_demo.h(931,73): warning C4244: 'argument': conversion from 'double' to 'float', possible loss of data
C:\Users\Tan Yik Fung\source\repos\HelloOpenGL\HelloOpenGL\triangle_demo.h(931,56): warning C4244: 'argument': conversion from 'double' to 'float', possible loss of data
C:\Users\Tan Yik Fung\source\repos\HelloOpenGL\HelloOpenGL\triangle_demo.h(939,1): warning C4305: 'argument': truncation from 'double' to 'float'
C:\Users\Tan Yik Fung\source\repos\HelloOpenGL\HelloOpenGL\triangle_demo.h(940,1): warning C4305: 'argument': truncation from 'double' to 'float'
C:\Users\Tan Yik Fung\source\repos\HelloOpenGL\HelloOpenGL\triangle_demo.h(954,1): warning C4305: 'argument': truncation from 'double' to 'float'
C:\Users\Tan Yik Fung\source\repos\HelloOpenGL\HelloOpenGL\triangle_demo.h(983,1): warning C4305: 'argument': truncation from 'double' to 'float'
C:\Users\Tan Yik Fung\source\repos\HelloOpenGL\HelloOpenGL\triangle_demo.h(984,1): warning C4305: 'argument': truncation from 'double' to 'float'
C:\Users\Tan Yik Fung\source\repos\HelloOpenGL\HelloOpenGL\triangle_demo.h(995,1): warning C4305: 'argument': truncation from 'double' to 'float'
C:\Users\Tan Yik Fung\source\repos\HelloOpenGL\HelloOpenGL\triangle_demo.h(996,1): warning C4305: 'argument': truncation from 'double' to 'float'
C:\Users\Tan Yik Fung\source\repos\HelloOpenGL\HelloOpenGL\triangle_demo.h(1008,1): warning C4305: 'argument': truncation from 'double' to 'float'
C:\Users\Tan Yik Fung\source\repos\HelloOpenGL\HelloOpenGL\triangle_demo.h(1009,1): warning C4305: 'argument': truncation from 'double' to 'float'
C:\Users\Tan Yik Fung\source\repos\HelloOpenGL\HelloOpenGL\triangle_demo.h(1019,1): warning C4305: 'argument': truncation from 'double' to 'float'
C:\Users\Tan Yik Fung\source\repos\HelloOpenGL\HelloOpenGL\triangle_demo.h(1020,1): warning C4305: 'argument': truncation from 'double' to 'float'
C:\Users\Tan Yik Fung\source\repos\HelloOpenGL\HelloOpenGL\triangle_demo.h(1034,1): warning C4305: 'argument': truncation from 'double' to 'float'
C:\Users\Tan Yik Fung\source\repos\HelloOpenGL\HelloOpenGL\triangle_demo.h(1035,1): warning C4305: 'argument': truncation from 'double' to 'float'
C:\Users\Tan Yik Fung\source\repos\HelloOpenGL\HelloOpenGL\triangle_demo.h(1047,1): warning C4305: 'argument': truncation from 'double' to 'float'
C:\Users\Tan Yik Fung\source\repos\HelloOpenGL\HelloOpenGL\triangle_demo.h(1048,1): warning C4305: 'argument': truncation from 'double' to 'float'
C:\Users\Tan Yik Fung\source\repos\HelloOpenGL\HelloOpenGL\triangle_demo.h(1060,1): warning C4305: 'argument': truncation from 'double' to 'float'
C:\Users\Tan Yik Fung\source\repos\HelloOpenGL\HelloOpenGL\triangle_demo.h(1061,1): warning C4305: 'argument': truncation from 'double' to 'float'
C:\Users\Tan Yik Fung\source\repos\HelloOpenGL\HelloOpenGL\triangle_demo.h(1073,1): warning C4305: 'argument': truncation from 'double' to 'float'
C:\Users\Tan Yik Fung\source\repos\HelloOpenGL\HelloOpenGL\triangle_demo.h(1074,1): warning C4305: 'argument': truncation from 'double' to 'float'
C:\Users\Tan Yik Fung\source\repos\HelloOpenGL\HelloOpenGL\triangle_demo.h(1086,1): warning C4305: 'argument': truncation from 'double' to 'float'
C:\Users\Tan Yik Fung\source\repos\HelloOpenGL\HelloOpenGL\triangle_demo.h(1087,1): warning C4305: 'argument': truncation from 'double' to 'float'
C:\Users\Tan Yik Fung\source\repos\HelloOpenGL\HelloOpenGL\triangle_demo.h(1099,1): warning C4305: 'argument': truncation from 'double' to 'float'
C:\Users\Tan Yik Fung\source\repos\HelloOpenGL\HelloOpenGL\triangle_demo.h(1100,1): warning C4305: 'argument': truncation from 'double' to 'float'
C:\Users\Tan Yik Fung\source\repos\HelloOpenGL\HelloOpenGL\triangle_demo.h(1120,23): warning C4244: '=': conversion from 'float' to 'int', possible loss of data
C:\Users\Tan Yik Fung\source\repos\HelloOpenGL\HelloOpenGL\triangle_demo.h(1127,24): warning C4244: '=': conversion from 'float' to 'int', possible loss of data
C:\Users\Tan Yik Fung\source\repos\HelloOpenGL\HelloOpenGL\triangle_demo.h(1266,29): warning C4244: 'argument': conversion from 'float' to 'GLenum', possible loss of data
C:\Users\Tan Yik Fung\source\repos\HelloOpenGL\HelloOpenGL\triangle_demo.h(1294,11): warning C4101: 'pointY': unreferenced local variable
C:\Users\Tan Yik Fung\source\repos\HelloOpenGL\HelloOpenGL\triangle_demo.h(1941,18): warning C4244: 'initializing': conversion from 'int' to 'GLfloat', possible loss of data
C:\Users\Tan Yik Fung\source\repos\HelloOpenGL\HelloOpenGL\triangle_demo.h(1946,17): warning C4244: 'initializing': conversion from 'int' to 'GLfloat', possible loss of data
C:\Users\Tan Yik Fung\source\repos\HelloOpenGL\HelloOpenGL\triangle_demo.h(2023,29): warning C4244: 'argument': conversion from 'float' to 'GLenum', possible loss of data
C:\Users\Tan Yik Fung\source\repos\HelloOpenGL\HelloOpenGL\triangle_demo.h(2162,1): warning C4305: '+=': truncation from 'double' to 'float'
C:\Users\Tan Yik Fung\source\repos\HelloOpenGL\HelloOpenGL\triangle_demo.h(2209,18): warning C4244: '=': conversion from 'clock_t' to 'float', possible loss of data
C:\Users\Tan Yik Fung\source\repos\HelloOpenGL\HelloOpenGL\triangle_demo.h(2221,1): warning C4305: 'argument': truncation from 'double' to 'float'
C:\Users\Tan Yik Fung\source\repos\HelloOpenGL\HelloOpenGL\triangle_demo.h(2222,1): warning C4305: 'argument': truncation from 'double' to 'float'
C:\Users\Tan Yik Fung\source\repos\HelloOpenGL\HelloOpenGL\main.cpp(39,11): warning C4244: '=': conversion from 'double' to 'int', possible loss of data
C:\Users\Tan Yik Fung\source\repos\HelloOpenGL\HelloOpenGL\main.cpp(40,11): warning C4244: '=': conversion from 'double' to 'int', possible loss of data
C:\Users\Tan Yik Fung\source\repos\HelloOpenGL\HelloOpenGL\main.cpp(44,14): warning C4244: 'initializing': conversion from 'double' to 'int', possible loss of data
C:\Users\Tan Yik Fung\source\repos\HelloOpenGL\HelloOpenGL\main.cpp(45,14): warning C4244: 'initializing': conversion from 'double' to 'int', possible loss of data
C:\Users\Tan Yik Fung\source\repos\HelloOpenGL\HelloOpenGL\main.cpp(46,10): warning C4244: '=': conversion from 'double' to 'int', possible loss of data
C:\Users\Tan Yik Fung\source\repos\HelloOpenGL\HelloOpenGL\main.cpp(46,21): warning C4244: '=': conversion from 'double' to 'int', possible loss of data
  HelloOpenGL.vcxproj -> C:\Users\Tan Yik Fung\source\repos\HelloOpenGL\Debug\HelloOpenGL.exe
